<?xml version="1.0" encoding="UTF-8"?>
<!-- Generated by org.testng.reporters.JUnitReportReporter -->
<testsuite hostname="Teena" failures="0" tests="2" name="com.training.restapi.ApiAutomation" time="13.269" errors="0" timestamp="2024-04-23T07:24:12 EDT" skipped="0">
  <testcase classname="com.training.restapi.ApiAutomation" name="loginUser" time="0.249"/>
  <system-out/>
  <testcase classname="com.training.restapi.ApiAutomation" name="getData" time="13.020"/>
  <system-out/>
</testsuite> <!-- com.training.restapi.ApiAutomation -->
