<?xml version="1.0" encoding="UTF-8"?>
<!-- Generated by org.testng.reporters.JUnitReportReporter -->
<testsuite hostname="Teena_HP" failures="0" tests="1" name="com.training.restapi.ApiAutomation" time="9.493" errors="0" timestamp="2024-09-07T18:08:59 CDT" skipped="0">
  <testcase classname="com.training.restapi.ApiAutomation" name="getData" time="9.493"/>
  <system-out/>
</testsuite> <!-- com.training.restapi.ApiAutomation -->
