<?xml version="1.0" encoding="UTF-8"?>
<!-- Generated by org.testng.reporters.JUnitReportReporter -->
<testsuite hostname="Teena" failures="0" tests="1" name="com.training.restapi.ApiAutomation" time="7.151" errors="0" timestamp="2024-06-07T12:55:23 EDT" skipped="0">
  <testcase classname="com.training.restapi.ApiAutomation" name="getData" time="7.151"/>
  <system-out/>
</testsuite> <!-- com.training.restapi.ApiAutomation -->
