<?xml version="1.0" encoding="UTF-8"?>
<!-- Generated by org.testng.reporters.JUnitReportReporter -->
<testsuite hostname="Teena_HP" failures="0" tests="1" name="com.training.restapi.ApiAutomationUsers" time="2.015" errors="0" timestamp="2024-09-07T18:06:09 CDT" skipped="0">
  <testcase classname="com.training.restapi.ApiAutomationUsers" name="validateUser" time="2.015"/>
  <system-out/>
</testsuite> <!-- com.training.restapi.ApiAutomationUsers -->
