<?xml version="1.0" encoding="UTF-8"?>
<!-- Generated by org.testng.reporters.JUnitReportReporter -->
<testsuite hostname="Teena_HP" failures="0" tests="3" name="com.training.restapi.ApiAutomationPrac" time="17.545" errors="0" timestamp="2024-09-07T18:47:21 CDT" skipped="0">
  <testcase classname="com.training.restapi.ApiAutomationPrac" name="getData" time="16.554"/>
  <system-out/>
  <testcase classname="com.training.restapi.ApiAutomationPrac" name="loginUser" time="0.795"/>
  <system-out/>
  <testcase classname="com.training.restapi.ApiAutomationPrac" name="logout" time="0.196"/>
  <system-out/>
</testsuite> <!-- com.training.restapi.ApiAutomationPrac -->
