<?xml version="1.0" encoding="UTF-8"?>
<!-- Generated by org.testng.reporters.JUnitReportReporter -->
<testsuite hostname="Teena" failures="0" tests="1" name="com.training.restapi.ApiAutomationUsers" time="4.127" errors="0" timestamp="2024-05-28T12:38:06 EDT" skipped="0">
  <testcase classname="com.training.restapi.ApiAutomationUsers" name="validateUser" time="4.127"/>
  <system-out/>
</testsuite> <!-- com.training.restapi.ApiAutomationUsers -->
